0 verbose cli C:\Program Files\nodejs\node.exe C:\Users\Jonas\AppData\Roaming\npm\node_modules\npm\bin\npm-cli.js
1 info using npm@9.1.2
2 info using node@v16.13.2
3 timing npm:load:whichnode Completed in 1ms
4 timing config:load:defaults Completed in 3ms
5 timing config:load:file:C:\Users\Jonas\AppData\Roaming\npm\node_modules\npm\npmrc Completed in 7ms
6 timing config:load:builtin Completed in 7ms
7 timing config:load:cli Completed in 6ms
8 timing config:load:env Completed in 1ms
9 timing config:load:file:E:\TTOki-Mannschaftsplanung\ttoki\.npmrc Completed in 2ms
10 timing config:load:project Completed in 11ms
11 timing config:load:file:C:\Users\Jonas\.npmrc Completed in 1ms
12 timing config:load:user Completed in 2ms
13 timing config:load:file:C:\Users\Jonas\AppData\Roaming\npm\etc\npmrc Completed in 0ms
14 timing config:load:global Completed in 0ms
15 timing config:load:setEnvs Completed in 2ms
16 timing config:load Completed in 33ms
17 timing npm:load:configload Completed in 33ms
18 timing npm:load:mkdirpcache Completed in 1ms
19 timing npm:load:mkdirplogs Completed in 1ms
20 verbose title npm exec browserslist@latest --update-db
21 verbose argv "exec" "--" "browserslist@latest" "--update-db"
22 timing npm:load:setTitle Completed in 3ms
23 timing config:load:flatten Completed in 6ms
24 timing npm:load:display Completed in 8ms
25 verbose logfile logs-max:10 dir:E:\TTOki-Mannschaftsplanung\ttoki\myCacheDir\_logs\2022-11-21T20_33_53_299Z-
26 verbose logfile E:\TTOki-Mannschaftsplanung\ttoki\myCacheDir\_logs\2022-11-21T20_33_53_299Z-debug-0.log
27 timing npm:load:logFile Completed in 125ms
28 timing npm:load:timers Completed in 1ms
29 timing npm:load:configScope Completed in 0ms
30 timing npm:load Completed in 173ms
31 silly logfile done cleaning log files
32 timing config:load:flatten Completed in 1ms
33 timing arborist:ctor Completed in 1ms
34 timing arborist:ctor Completed in 0ms
35 http fetch GET 200 https://registry.npmjs.org/browserslist 398ms (cache miss)
36 timing arborist:ctor Completed in 0ms
37 timing arborist:ctor Completed in 0ms
38 timing arborist:ctor Completed in 0ms
39 timing idealTree:init Completed in 9ms
40 timing idealTree:userRequests Completed in 1ms
41 silly idealTree buildDeps
42 silly fetch manifest browserslist@4.21.4
43 http fetch GET 200 https://registry.npmjs.org/browserslist 25ms (cache hit)
44 silly placeDep ROOT browserslist@4.21.4 OK for:  want: 4.21.4
45 silly fetch manifest caniuse-lite@^1.0.30001400
46 silly fetch manifest electron-to-chromium@^1.4.251
47 silly fetch manifest node-releases@^2.0.6
48 silly fetch manifest update-browserslist-db@^1.0.9
49 http fetch GET 200 https://registry.npmjs.org/update-browserslist-db 483ms (cache miss)
50 http fetch GET 200 https://registry.npmjs.org/node-releases 1009ms (cache miss)
51 http fetch GET 200 https://registry.npmjs.org/caniuse-lite 1367ms (cache miss)
52 http fetch GET 200 https://registry.npmjs.org/electron-to-chromium 2270ms (cache miss)
53 timing idealTree:#root Completed in 2338ms
54 silly fetch manifest browserslist@>= 4.21.0
55 silly placeDep ROOT caniuse-lite@1.0.30001434 OK for: browserslist@4.21.4 want: ^1.0.30001400
56 silly placeDep ROOT electron-to-chromium@1.4.284 OK for: browserslist@4.21.4 want: ^1.4.251
57 silly placeDep ROOT node-releases@2.0.6 OK for: browserslist@4.21.4 want: ^2.0.6
58 silly placeDep ROOT update-browserslist-db@1.0.10 OK for: browserslist@4.21.4 want: ^1.0.9
59 silly fetch manifest escalade@^3.1.1
60 silly fetch manifest picocolors@^1.0.0
61 http fetch GET 200 https://registry.npmjs.org/picocolors 97ms (cache miss)
62 http fetch GET 200 https://registry.npmjs.org/escalade 102ms (cache miss)
63 timing idealTree:node_modules/browserslist Completed in 119ms
64 timing idealTree:node_modules/caniuse-lite Completed in 0ms
65 timing idealTree:node_modules/electron-to-chromium Completed in 0ms
66 timing idealTree:node_modules/node-releases Completed in 0ms
67 silly placeDep ROOT escalade@3.1.1 OK for: update-browserslist-db@1.0.10 want: ^3.1.1
68 silly placeDep ROOT picocolors@1.0.0 OK for: update-browserslist-db@1.0.10 want: ^1.0.0
69 timing idealTree:node_modules/update-browserslist-db Completed in 3ms
70 timing idealTree:node_modules/escalade Completed in 0ms
71 timing idealTree:node_modules/picocolors Completed in 0ms
72 timing idealTree:buildDeps Completed in 2463ms
73 timing idealTree:fixDepFlags Completed in 2ms
74 timing idealTree Completed in 2479ms
75 timing reify:loadTrees Completed in 2480ms
76 timing reify:diffTrees Completed in 1ms
77 silly reify moves {}
78 timing reify:retireShallow Completed in 2ms
79 timing reify:createSparse Completed in 14ms
80 timing reify:loadBundles Completed in 0ms
81 silly audit bulk request {
81 silly audit   browserslist: [ '4.21.4' ],
81 silly audit   'caniuse-lite': [ '1.0.30001434' ],
81 silly audit   'electron-to-chromium': [ '1.4.284' ],
81 silly audit   'node-releases': [ '2.0.6' ],
81 silly audit   'update-browserslist-db': [ '1.0.10' ],
81 silly audit   escalade: [ '3.1.1' ],
81 silly audit   picocolors: [ '1.0.0' ]
81 silly audit }
82 silly tarball no local data for update-browserslist-db@https://registry.npmjs.org/update-browserslist-db/-/update-browserslist-db-1.0.10.tgz. Extracting by manifest.
83 silly tarball no local data for node-releases@https://registry.npmjs.org/node-releases/-/node-releases-2.0.6.tgz. Extracting by manifest.
84 silly tarball no local data for escalade@https://registry.npmjs.org/escalade/-/escalade-3.1.1.tgz. Extracting by manifest.
85 silly tarball no local data for picocolors@https://registry.npmjs.org/picocolors/-/picocolors-1.0.0.tgz. Extracting by manifest.
86 silly tarball no local data for electron-to-chromium@https://registry.npmjs.org/electron-to-chromium/-/electron-to-chromium-1.4.284.tgz. Extracting by manifest.
87 silly tarball no local data for caniuse-lite@https://registry.npmjs.org/caniuse-lite/-/caniuse-lite-1.0.30001434.tgz. Extracting by manifest.
88 silly tarball no local data for browserslist@https://registry.npmjs.org/browserslist/-/browserslist-4.21.4.tgz. Extracting by manifest.
89 http fetch GET 200 https://registry.npmjs.org/update-browserslist-db/-/update-browserslist-db-1.0.10.tgz 127ms (cache miss)
90 http fetch POST 200 https://registry.npmjs.org/-/npm/v1/security/advisories/bulk 254ms
91 timing auditReport:getReport Completed in 257ms
92 silly audit report {}
93 timing auditReport:init Completed in 0ms
94 timing reify:audit Completed in 258ms
95 timing reifyNode:node_modules/update-browserslist-db Completed in 264ms
96 http fetch GET 200 https://registry.npmjs.org/escalade/-/escalade-3.1.1.tgz 254ms (cache miss)
97 timing reifyNode:node_modules/escalade Completed in 283ms
98 http fetch GET 200 https://registry.npmjs.org/node-releases/-/node-releases-2.0.6.tgz 267ms (cache miss)
99 http fetch GET 200 https://registry.npmjs.org/picocolors/-/picocolors-1.0.0.tgz 265ms (cache miss)
100 timing reifyNode:node_modules/node-releases Completed in 288ms
101 timing reifyNode:node_modules/picocolors Completed in 294ms
102 http fetch GET 200 https://registry.npmjs.org/browserslist/-/browserslist-4.21.4.tgz 306ms (cache miss)
103 timing reifyNode:node_modules/browserslist Completed in 332ms
104 http fetch GET 200 https://registry.npmjs.org/electron-to-chromium/-/electron-to-chromium-1.4.284.tgz 344ms (cache miss)
105 timing reifyNode:node_modules/electron-to-chromium Completed in 368ms
106 http fetch GET 200 https://registry.npmjs.org/caniuse-lite/-/caniuse-lite-1.0.30001434.tgz 4491ms (cache miss)
107 timing reifyNode:node_modules/caniuse-lite Completed in 4516ms
108 timing reify:unpack Completed in 4517ms
109 timing reify:unretire Completed in 0ms
110 timing build:queue Completed in 2ms
111 timing build:link:node_modules/update-browserslist-db Completed in 14ms
112 timing build:link:node_modules/browserslist Completed in 16ms
113 timing build:link Completed in 17ms
114 timing build:deps Completed in 20ms
115 timing build Completed in 20ms
116 timing reify:build Completed in 21ms
117 timing reify:trash Completed in 0ms
118 timing reify:save Completed in 11ms
119 timing reify Completed in 7065ms
120 timing command:exec Completed in 26468ms
121 verbose exit 0
122 timing npm Completed in 26689ms
123 info ok
